<?xml version="1.0" encoding="UTF-8"?>
<testsuite xmlns:xsi="http://www.w3.org/2001/XMLSchema-instance" xsi:noNamespaceSchemaLocation="https://maven.apache.org/surefire/maven-surefire-plugin/xsd/surefire-test-report-3.0.xsd" version="3.0" name="br.com.restassuredapitesting.runners.AllTests" time="12.263" tests="8" errors="0" skipped="0" failures="0">
  <properties>
[...]
</properties>
  <testcase name="checkListAllBookingsById" classname="br.com.restassuredapitesting.tests.booking.tests.GetBookingTest" time="3.09"/>
  <testcase name="validateBookingsListSchema" classname="br.com.restassuredapitesting.tests.booking.tests.GetBookingTest" time="1.284"/>
  <testcase name="validateListBookingByIdSchema" classname="br.com.restassuredapitesting.tests.booking.tests.GetBookingTest" time="1.583">
    <system-out><![CDATA[HTTP/1.1 200 OK
Server: Cowboy
Connection: keep-alive
X-Powered-By: Express
Content-Type: application/json; charset=utf-8
Content-Length: 198
Etag: W/"c6-e0tCh/PW2eX2hc5RrlmRXGQrrWg"
Date: Sat, 21 May 2022 00:30:09 GMT
Via: 1.1 vegur

{
    "bookingid": 73,
    "booking": {
        "firstname": "VLbID",
        "lastname": "Schema",
        "totalprice": 111,
        "depositpaid": true,
        "bookingdates": {
            "checkin": "2018-01-01",
            "checkout": "2019-01-01"
        },
        "additionalneeds": "Breakfast"
    }
}
]]></system-out>
  </testcase>
  <testcase name="healthCheck" classname="br.com.restassuredapitesting.tests.healthcheck.tests.GetHealthcheckTest" time="0.744"/>
  <testcase name="healthCheckWithinThreeSeconds" classname="br.com.restassuredapitesting.tests.healthcheck.tests.GetHealthcheckTest" time="0.746"/>
  <testcase name="checkUserTokenReturn" classname="br.com.restassuredapitesting.tests.auth.tests.PostAuthTest" time="0.744"/>
  <testcase name="checkUpdateBookingWithToken" classname="br.com.restassuredapitesting.tests.booking.tests.PutBookingTest" time="2.245"/>
  <testcase name="createBooking" classname="br.com.restassuredapitesting.tests.booking.tests.PostBookingTest" time="0.74">
    <system-out><![CDATA[HTTP/1.1 200 OK
Server: Cowboy
Connection: keep-alive
X-Powered-By: Express
Content-Type: application/json; charset=utf-8
Content-Length: 197
Etag: W/"c5-8YK2+E3nmfsgABGJFzcxqjvduak"
Date: Sat, 21 May 2022 00:30:15 GMT
Via: 1.1 vegur

{
    "bookingid": 74,
    "booking": {
        "firstname": "Joana",
        "lastname": "Brown",
        "totalprice": 111,
        "depositpaid": true,
        "bookingdates": {
            "checkin": "2018-01-01",
            "checkout": "2019-01-01"
        },
        "additionalneeds": "Breakfast"
    }
}
]]></system-out>
  </testcase>
</testsuite>