<?xml version="1.0" encoding="UTF-8"?>
<testsuite xmlns:xsi="http://www.w3.org/2001/XMLSchema-instance" xsi:noNamespaceSchemaLocation="https://maven.apache.org/surefire/maven-surefire-plugin/xsd/surefire-test-report-3.0.xsd" version="3.0" name="br.com.restassuredapitesting.runners.AllTests" time="44.691" tests="26" errors="0" skipped="0" failures="0">
  <properties>
[...]
</properties>
  <testcase name="checkListBookingById" classname="br.com.restassuredapitesting.tests.booking.tests.GetBookingTest" time="4.127"/>
  <testcase name="checkListAllBookingsById" classname="br.com.restassuredapitesting.tests.booking.tests.GetBookingTest" time="0.754"/>
  <testcase name="checkListBookingIdsFilteringByCheckout" classname="br.com.restassuredapitesting.tests.booking.tests.GetBookingTest" time="0.808">
    <system-out><![CDATA[HTTP/1.1 200 OK
Server: Cowboy
Connection: keep-alive
X-Powered-By: Express
Content-Type: application/json; charset=utf-8
Content-Length: 2680
Etag: W/"a78-XT8DqRqMykhmRx6Mb77MOxHBgrw"
Date: Sun, 22 May 2022 23:28:37 GMT
Via: 1.1 vegur

[
    {
        "bookingid": 453
    },
    {
        "bookingid": 442
    },
    {
        "bookingid": 455
    },
    {
        "bookingid": 444
    },
    {
        "bookingid": 460
    },
    {
        "bookingid": 322
    },
    {
        "bookingid": 305
    },
    {
        "bookingid": 411
    },
    {
        "bookingid": 303
    },
    {
        "bookingid": 446
    },
    {
        "bookingid": 331
    },
    {
        "bookingid": 309
    },
    {
        "bookingid": 342
    },
    {
        "bookingid": 404
    },
    {
        "bookingid": 306
    },
    {
        "bookingid": 301
    },
    {
        "bookingid": 300
    },
    {
        "bookingid": 307
    },
    {
        "bookingid": 380
    },
    {
        "bookingid": 414
    },
    {
        "bookingid": 377
    },
    {
        "bookingid": 374
    },
    {
        "bookingid": 338
    },
    {
        "bookingid": 389
    },
    {
        "bookingid": 311
    },
    {
        "bookingid": 383
    },
    {
        "bookingid": 252
    },
    {
        "bookingid": 433
    },
    {
        "bookingid": 204
    },
    {
        "bookingid": 318
    },
    {
        "bookingid": 351
    },
    {
        "bookingid": 375
    },
    {
        "bookingid": 398
    },
    {
        "bookingid": 426
    },
    {
        "bookingid": 452
    },
    {
        "bookingid": 451
    },
    {
        "bookingid": 302
    },
    {
        "bookingid": 256
    },
    {
        "bookingid": 334
    },
    {
        "bookingid": 385
    },
    {
        "bookingid": 422
    },
    {
        "bookingid": 339
    },
    {
        "bookingid": 317
    },
    {
        "bookingid": 393
    },
    {
        "bookingid": 205
    },
    {
        "bookingid": 405
    },
    {
        "bookingid": 349
    },
    {
        "bookingid": 217
    },
    {
        "bookingid": 192
    },
    {
        "bookingid": 335
    },
    {
        "bookingid": 203
    },
    {
        "bookingid": 249
    },
    {
        "bookingid": 372
    },
    {
        "bookingid": 435
    },
    {
        "bookingid": 350
    },
    {
        "bookingid": 384
    },
    {
        "bookingid": 310
    },
    {
        "bookingid": 314
    },
    {
        "bookingid": 260
    },
    {
        "bookingid": 400
    },
    {
        "bookingid": 395
    },
    {
        "bookingid": 308
    },
    {
        "bookingid": 407
    },
    {
        "bookingid": 196
    },
    {
        "bookingid": 397
    },
    {
        "bookingid": 424
    },
    {
        "bookingid": 323
    },
    {
        "bookingid": 454
    },
    {
        "bookingid": 391
    },
    {
        "bookingid": 447
    },
    {
        "bookingid": 445
    },
    {
        "bookingid": 312
    },
    {
        "bookingid": 329
    },
    {
        "bookingid": 320
    },
    {
        "bookingid": 319
    },
    {
        "bookingid": 340
    },
    {
        "bookingid": 224
    },
    {
        "bookingid": 436
    },
    {
        "bookingid": 330
    },
    {
        "bookingid": 225
    },
    {
        "bookingid": 409
    },
    {
        "bookingid": 448
    },
    {
        "bookingid": 226
    },
    {
        "bookingid": 337
    },
    {
        "bookingid": 425
    },
    {
        "bookingid": 193
    },
    {
        "bookingid": 235
    },
    {
        "bookingid": 207
    },
    {
        "bookingid": 65
    },
    {
        "bookingid": 403
    },
    {
        "bookingid": 416
    },
    {
        "bookingid": 332
    },
    {
        "bookingid": 254
    },
    {
        "bookingid": 427
    },
    {
        "bookingid": 408
    },
    {
        "bookingid": 423
    },
    {
        "bookingid": 412
    },
    {
        "bookingid": 386
    },
    {
        "bookingid": 284
    },
    {
        "bookingid": 382
    },
    {
        "bookingid": 449
    },
    {
        "bookingid": 250
    },
    {
        "bookingid": 321
    },
    {
        "bookingid": 402
    },
    {
        "bookingid": 258
    },
    {
        "bookingid": 376
    },
    {
        "bookingid": 285
    },
    {
        "bookingid": 379
    },
    {
        "bookingid": 394
    },
    {
        "bookingid": 410
    },
    {
        "bookingid": 373
    },
    {
        "bookingid": 399
    },
    {
        "bookingid": 304
    },
    {
        "bookingid": 299
    },
    {
        "bookingid": 392
    },
    {
        "bookingid": 253
    },
    {
        "bookingid": 336
    },
    {
        "bookingid": 459
    },
    {
        "bookingid": 261
    },
    {
        "bookingid": 63
    },
    {
        "bookingid": 388
    },
    {
        "bookingid": 251
    },
    {
        "bookingid": 428
    },
    {
        "bookingid": 195
    },
    {
        "bookingid": 387
    },
    {
        "bookingid": 457
    },
    {
        "bookingid": 381
    },
    {
        "bookingid": 64
    },
    {
        "bookingid": 328
    },
    {
        "bookingid": 296
    },
    {
        "bookingid": 210
    },
    {
        "bookingid": 450
    },
    {
        "bookingid": 378
    },
    {
        "bookingid": 333
    },
    {
        "bookingid": 406
    },
    {
        "bookingid": 456
    },
    {
        "bookingid": 390
    },
    {
        "bookingid": 215
    },
    {
        "bookingid": 259
    },
    {
        "bookingid": 294
    },
    {
        "bookingid": 206
    },
    {
        "bookingid": 341
    },
    {
        "bookingid": 214
    },
    {
        "bookingid": 401
    },
    {
        "bookingid": 343
    },
    {
        "bookingid": 440
    },
    {
        "bookingid": 216
    },
    {
        "bookingid": 441
    },
    {
        "bookingid": 292
    }
]
]]></system-out>
  </testcase>
  <testcase name="validateBookingsListSchema" classname="br.com.restassuredapitesting.tests.booking.tests.GetBookingTest" time="1.164"/>
  <testcase name="checkListBookingIdsFilteringByCheckin" classname="br.com.restassuredapitesting.tests.booking.tests.GetBookingTest" time="0.746">
    <system-out><![CDATA[HTTP/1.1 200 OK
Server: Cowboy
Connection: keep-alive
X-Powered-By: Express
Content-Type: application/json; charset=utf-8
Content-Length: 2698
Etag: W/"a8a-yDAc4mtWRmSexAU9rSMyhrV9GEs"
Date: Sun, 22 May 2022 23:28:39 GMT
Via: 1.1 vegur

[
    {
        "bookingid": 453
    },
    {
        "bookingid": 442
    },
    {
        "bookingid": 455
    },
    {
        "bookingid": 444
    },
    {
        "bookingid": 460
    },
    {
        "bookingid": 322
    },
    {
        "bookingid": 305
    },
    {
        "bookingid": 411
    },
    {
        "bookingid": 303
    },
    {
        "bookingid": 446
    },
    {
        "bookingid": 331
    },
    {
        "bookingid": 309
    },
    {
        "bookingid": 342
    },
    {
        "bookingid": 404
    },
    {
        "bookingid": 306
    },
    {
        "bookingid": 301
    },
    {
        "bookingid": 300
    },
    {
        "bookingid": 307
    },
    {
        "bookingid": 380
    },
    {
        "bookingid": 414
    },
    {
        "bookingid": 377
    },
    {
        "bookingid": 374
    },
    {
        "bookingid": 338
    },
    {
        "bookingid": 389
    },
    {
        "bookingid": 311
    },
    {
        "bookingid": 383
    },
    {
        "bookingid": 252
    },
    {
        "bookingid": 433
    },
    {
        "bookingid": 204
    },
    {
        "bookingid": 318
    },
    {
        "bookingid": 351
    },
    {
        "bookingid": 375
    },
    {
        "bookingid": 398
    },
    {
        "bookingid": 426
    },
    {
        "bookingid": 452
    },
    {
        "bookingid": 451
    },
    {
        "bookingid": 302
    },
    {
        "bookingid": 256
    },
    {
        "bookingid": 334
    },
    {
        "bookingid": 385
    },
    {
        "bookingid": 422
    },
    {
        "bookingid": 339
    },
    {
        "bookingid": 317
    },
    {
        "bookingid": 393
    },
    {
        "bookingid": 205
    },
    {
        "bookingid": 405
    },
    {
        "bookingid": 349
    },
    {
        "bookingid": 217
    },
    {
        "bookingid": 192
    },
    {
        "bookingid": 335
    },
    {
        "bookingid": 203
    },
    {
        "bookingid": 249
    },
    {
        "bookingid": 372
    },
    {
        "bookingid": 435
    },
    {
        "bookingid": 350
    },
    {
        "bookingid": 384
    },
    {
        "bookingid": 310
    },
    {
        "bookingid": 314
    },
    {
        "bookingid": 260
    },
    {
        "bookingid": 400
    },
    {
        "bookingid": 395
    },
    {
        "bookingid": 308
    },
    {
        "bookingid": 407
    },
    {
        "bookingid": 196
    },
    {
        "bookingid": 397
    },
    {
        "bookingid": 424
    },
    {
        "bookingid": 323
    },
    {
        "bookingid": 454
    },
    {
        "bookingid": 391
    },
    {
        "bookingid": 447
    },
    {
        "bookingid": 445
    },
    {
        "bookingid": 312
    },
    {
        "bookingid": 329
    },
    {
        "bookingid": 320
    },
    {
        "bookingid": 319
    },
    {
        "bookingid": 340
    },
    {
        "bookingid": 224
    },
    {
        "bookingid": 436
    },
    {
        "bookingid": 330
    },
    {
        "bookingid": 225
    },
    {
        "bookingid": 409
    },
    {
        "bookingid": 448
    },
    {
        "bookingid": 226
    },
    {
        "bookingid": 337
    },
    {
        "bookingid": 425
    },
    {
        "bookingid": 193
    },
    {
        "bookingid": 235
    },
    {
        "bookingid": 207
    },
    {
        "bookingid": 65
    },
    {
        "bookingid": 403
    },
    {
        "bookingid": 416
    },
    {
        "bookingid": 332
    },
    {
        "bookingid": 254
    },
    {
        "bookingid": 427
    },
    {
        "bookingid": 408
    },
    {
        "bookingid": 423
    },
    {
        "bookingid": 412
    },
    {
        "bookingid": 386
    },
    {
        "bookingid": 284
    },
    {
        "bookingid": 382
    },
    {
        "bookingid": 449
    },
    {
        "bookingid": 250
    },
    {
        "bookingid": 321
    },
    {
        "bookingid": 402
    },
    {
        "bookingid": 258
    },
    {
        "bookingid": 376
    },
    {
        "bookingid": 285
    },
    {
        "bookingid": 379
    },
    {
        "bookingid": 394
    },
    {
        "bookingid": 410
    },
    {
        "bookingid": 373
    },
    {
        "bookingid": 399
    },
    {
        "bookingid": 304
    },
    {
        "bookingid": 299
    },
    {
        "bookingid": 392
    },
    {
        "bookingid": 253
    },
    {
        "bookingid": 336
    },
    {
        "bookingid": 459
    },
    {
        "bookingid": 261
    },
    {
        "bookingid": 63
    },
    {
        "bookingid": 388
    },
    {
        "bookingid": 251
    },
    {
        "bookingid": 428
    },
    {
        "bookingid": 195
    },
    {
        "bookingid": 387
    },
    {
        "bookingid": 457
    },
    {
        "bookingid": 381
    },
    {
        "bookingid": 64
    },
    {
        "bookingid": 328
    },
    {
        "bookingid": 296
    },
    {
        "bookingid": 210
    },
    {
        "bookingid": 450
    },
    {
        "bookingid": 378
    },
    {
        "bookingid": 333
    },
    {
        "bookingid": 406
    },
    {
        "bookingid": 456
    },
    {
        "bookingid": 390
    },
    {
        "bookingid": 215
    },
    {
        "bookingid": 259
    },
    {
        "bookingid": 294
    },
    {
        "bookingid": 206
    },
    {
        "bookingid": 370
    },
    {
        "bookingid": 341
    },
    {
        "bookingid": 214
    },
    {
        "bookingid": 401
    },
    {
        "bookingid": 343
    },
    {
        "bookingid": 440
    },
    {
        "bookingid": 216
    },
    {
        "bookingid": 441
    },
    {
        "bookingid": 292
    }
]
]]></system-out>
  </testcase>
  <testcase name="checkListBookingIdsFilteringByLastname" classname="br.com.restassuredapitesting.tests.booking.tests.GetBookingTest" time="8.072">
    <system-out><![CDATA[HTTP/1.1 200 OK
Server: Cowboy
Connection: keep-alive
X-Powered-By: Express
Content-Type: application/json; charset=utf-8
Content-Length: 178
Etag: W/"b2-hzSoAFV4WwlMwFOhMAjUJvwQoes"
Date: Sun, 22 May 2022 23:28:40 GMT
Via: 1.1 vegur

[
    {
        "bookingid": 363
    },
    {
        "bookingid": 327
    },
    {
        "bookingid": 124
    },
    {
        "bookingid": 91
    },
    {
        "bookingid": 93
    },
    {
        "bookingid": 123
    },
    {
        "bookingid": 92
    },
    {
        "bookingid": 125
    },
    {
        "bookingid": 370
    },
    {
        "bookingid": 121
    }
]
[363, 327, 124, 91, 93, 123, 92, 125, 370, 121]
]]></system-out>
  </testcase>
  <testcase name="checkListBookingIdsFilteringByCheckinAndCheckout" classname="br.com.restassuredapitesting.tests.booking.tests.GetBookingTest" time="0.729">
    <system-out><![CDATA[HTTP/1.1 200 OK
Server: Cowboy
Connection: keep-alive
X-Powered-By: Express
Content-Type: application/json; charset=utf-8
Content-Length: 109
Etag: W/"6d-mIznyfH9OHo67eSlpnFrHK6Ie/E"
Date: Sun, 22 May 2022 23:28:48 GMT
Via: 1.1 vegur

[
    {
        "bookingid": 444
    },
    {
        "bookingid": 306
    },
    {
        "bookingid": 383
    },
    {
        "bookingid": 402
    },
    {
        "bookingid": 296
    },
    {
        "bookingid": 370
    }
]
]]></system-out>
  </testcase>
  <testcase name="checkListBookingIdsFilteringByFisrtname" classname="br.com.restassuredapitesting.tests.booking.tests.GetBookingTest" time="2.189">
    <system-out><![CDATA[HTTP/1.1 200 OK
Server: Cowboy
Connection: keep-alive
X-Powered-By: Express
Content-Type: application/json; charset=utf-8
Content-Length: 37
Etag: W/"25-9yO7UdrSW3uc1gS2IgTpi79QzPg"
Date: Sun, 22 May 2022 23:28:48 GMT
Via: 1.1 vegur

[
    {
        "bookingid": 490
    },
    {
        "bookingid": 461
    }
]
[490, 461]
]]></system-out>
  </testcase>
  <testcase name="validateListBookingByIdSchema" classname="br.com.restassuredapitesting.tests.booking.tests.GetBookingTest" time="1.461"/>
  <testcase name="tryingToGetBookingsWithBadFiltering" classname="br.com.restassuredapitesting.tests.booking.tests.GetBookingTest" time="0.792">
    <system-out><![CDATA[HTTP/1.1 200 OK
Server: Cowboy
Connection: keep-alive
X-Powered-By: Express
Content-Type: application/json; charset=utf-8
Content-Length: 7226
Etag: W/"1c3a-4MrPOaglnkooe6kL1l2CvZm1c/k"
Date: Sun, 22 May 2022 23:28:52 GMT
Via: 1.1 vegur

[
    {
        "bookingid": 443
    },
    {
        "bookingid": 453
    },
    {
        "bookingid": 442
    },
    {
        "bookingid": 455
    },
    {
        "bookingid": 444
    },
    {
        "bookingid": 460
    },
    {
        "bookingid": 413
    },
    {
        "bookingid": 432
    },
    {
        "bookingid": 223
    },
    {
        "bookingid": 322
    },
    {
        "bookingid": 282
    },
    {
        "bookingid": 305
    },
    {
        "bookingid": 411
    },
    {
        "bookingid": 277
    },
    {
        "bookingid": 297
    },
    {
        "bookingid": 303
    },
    {
        "bookingid": 353
    },
    {
        "bookingid": 446
    },
    {
        "bookingid": 331
    },
    {
        "bookingid": 309
    },
    {
        "bookingid": 286
    },
    {
        "bookingid": 363
    },
    {
        "bookingid": 342
    },
    {
        "bookingid": 327
    },
    {
        "bookingid": 404
    },
    {
        "bookingid": 479
    },
    {
        "bookingid": 420
    },
    {
        "bookingid": 306
    },
    {
        "bookingid": 301
    },
    {
        "bookingid": 421
    },
    {
        "bookingid": 177
    },
    {
        "bookingid": 439
    },
    {
        "bookingid": 300
    },
    {
        "bookingid": 488
    },
    {
        "bookingid": 307
    },
    {
        "bookingid": 229
    },
    {
        "bookingid": 380
    },
    {
        "bookingid": 414
    },
    {
        "bookingid": 377
    },
    {
        "bookingid": 145
    },
    {
        "bookingid": 374
    },
    {
        "bookingid": 338
    },
    {
        "bookingid": 389
    },
    {
        "bookingid": 356
    },
    {
        "bookingid": 175
    },
    {
        "bookingid": 311
    },
    {
        "bookingid": 490
    },
    {
        "bookingid": 383
    },
    {
        "bookingid": 468
    },
    {
        "bookingid": 252
    },
    {
        "bookingid": 202
    },
    {
        "bookingid": 433
    },
    {
        "bookingid": 204
    },
    {
        "bookingid": 89
    },
    {
        "bookingid": 438
    },
    {
        "bookingid": 188
    },
    {
        "bookingid": 367
    },
    {
        "bookingid": 318
    },
    {
        "bookingid": 222
    },
    {
        "bookingid": 351
    },
    {
        "bookingid": 280
    },
    {
        "bookingid": 375
    },
    {
        "bookingid": 134
    },
    {
        "bookingid": 231
    },
    {
        "bookingid": 359
    },
    {
        "bookingid": 19
    },
    {
        "bookingid": 23
    },
    {
        "bookingid": 28
    },
    {
        "bookingid": 80
    },
    {
        "bookingid": 14
    },
    {
        "bookingid": 398
    },
    {
        "bookingid": 270
    },
    {
        "bookingid": 471
    },
    {
        "bookingid": 426
    },
    {
        "bookingid": 114
    },
    {
        "bookingid": 452
    },
    {
        "bookingid": 326
    },
    {
        "bookingid": 272
    },
    {
        "bookingid": 124
    },
    {
        "bookingid": 255
    },
    {
        "bookingid": 451
    },
    {
        "bookingid": 99
    },
    {
        "bookingid": 74
    },
    {
        "bookingid": 357
    },
    {
        "bookingid": 302
    },
    {
        "bookingid": 116
    },
    {
        "bookingid": 369
    },
    {
        "bookingid": 91
    },
    {
        "bookingid": 58
    },
    {
        "bookingid": 163
    },
    {
        "bookingid": 418
    },
    {
        "bookingid": 291
    },
    {
        "bookingid": 256
    },
    {
        "bookingid": 334
    },
    {
        "bookingid": 150
    },
    {
        "bookingid": 385
    },
    {
        "bookingid": 473
    },
    {
        "bookingid": 288
    },
    {
        "bookingid": 422
    },
    {
        "bookingid": 339
    },
    {
        "bookingid": 13
    },
    {
        "bookingid": 136
    },
    {
        "bookingid": 461
    },
    {
        "bookingid": 283
    },
    {
        "bookingid": 137
    },
    {
        "bookingid": 317
    },
    {
        "bookingid": 144
    },
    {
        "bookingid": 393
    },
    {
        "bookingid": 170
    },
    {
        "bookingid": 205
    },
    {
        "bookingid": 239
    },
    {
        "bookingid": 298
    },
    {
        "bookingid": 109
    },
    {
        "bookingid": 20
    },
    {
        "bookingid": 405
    },
    {
        "bookingid": 46
    },
    {
        "bookingid": 56
    },
    {
        "bookingid": 86
    },
    {
        "bookingid": 213
    },
    {
        "bookingid": 119
    },
    {
        "bookingid": 152
    },
    {
        "bookingid": 349
    },
    {
        "bookingid": 217
    },
    {
        "bookingid": 169
    },
    {
        "bookingid": 165
    },
    {
        "bookingid": 93
    },
    {
        "bookingid": 346
    },
    {
        "bookingid": 185
    },
    {
        "bookingid": 192
    },
    {
        "bookingid": 335
    },
    {
        "bookingid": 203
    },
    {
        "bookingid": 249
    },
    {
        "bookingid": 16
    },
    {
        "bookingid": 372
    },
    {
        "bookingid": 435
    },
    {
        "bookingid": 42
    },
    {
        "bookingid": 350
    },
    {
        "bookingid": 248
    },
    {
        "bookingid": 96
    },
    {
        "bookingid": 417
    },
    {
        "bookingid": 79
    },
    {
        "bookingid": 470
    },
    {
        "bookingid": 384
    },
    {
        "bookingid": 120
    },
    {
        "bookingid": 45
    },
    {
        "bookingid": 310
    },
    {
        "bookingid": 314
    },
    {
        "bookingid": 117
    },
    {
        "bookingid": 105
    },
    {
        "bookingid": 44
    },
    {
        "bookingid": 260
    },
    {
        "bookingid": 287
    },
    {
        "bookingid": 400
    },
    {
        "bookingid": 366
    },
    {
        "bookingid": 491
    },
    {
        "bookingid": 489
    },
    {
        "bookingid": 131
    },
    {
        "bookingid": 97
    },
    {
        "bookingid": 211
    },
    {
        "bookingid": 395
    },
    {
        "bookingid": 429
    },
    {
        "bookingid": 308
    },
    {
        "bookingid": 146
    },
    {
        "bookingid": 156
    },
    {
        "bookingid": 347
    },
    {
        "bookingid": 67
    },
    {
        "bookingid": 123
    },
    {
        "bookingid": 162
    },
    {
        "bookingid": 194
    },
    {
        "bookingid": 467
    },
    {
        "bookingid": 130
    },
    {
        "bookingid": 71
    },
    {
        "bookingid": 407
    },
    {
        "bookingid": 196
    },
    {
        "bookingid": 107
    },
    {
        "bookingid": 434
    },
    {
        "bookingid": 159
    },
    {
        "bookingid": 397
    },
    {
        "bookingid": 118
    },
    {
        "bookingid": 267
    },
    {
        "bookingid": 474
    },
    {
        "bookingid": 424
    },
    {
        "bookingid": 227
    },
    {
        "bookingid": 323
    },
    {
        "bookingid": 454
    },
    {
        "bookingid": 391
    },
    {
        "bookingid": 447
    },
    {
        "bookingid": 50
    },
    {
        "bookingid": 168
    },
    {
        "bookingid": 275
    },
    {
        "bookingid": 98
    },
    {
        "bookingid": 464
    },
    {
        "bookingid": 445
    },
    {
        "bookingid": 312
    },
    {
        "bookingid": 41
    },
    {
        "bookingid": 329
    },
    {
        "bookingid": 472
    },
    {
        "bookingid": 320
    },
    {
        "bookingid": 141
    },
    {
        "bookingid": 264
    },
    {
        "bookingid": 319
    },
    {
        "bookingid": 94
    },
    {
        "bookingid": 340
    },
    {
        "bookingid": 481
    },
    {
        "bookingid": 230
    },
    {
        "bookingid": 290
    },
    {
        "bookingid": 224
    },
    {
        "bookingid": 486
    },
    {
        "bookingid": 265
    },
    {
        "bookingid": 47
    },
    {
        "bookingid": 436
    },
    {
        "bookingid": 153
    },
    {
        "bookingid": 330
    },
    {
        "bookingid": 262
    },
    {
        "bookingid": 225
    },
    {
        "bookingid": 66
    },
    {
        "bookingid": 409
    },
    {
        "bookingid": 448
    },
    {
        "bookingid": 209
    },
    {
        "bookingid": 352
    },
    {
        "bookingid": 129
    },
    {
        "bookingid": 219
    },
    {
        "bookingid": 226
    },
    {
        "bookingid": 337
    },
    {
        "bookingid": 430
    },
    {
        "bookingid": 157
    },
    {
        "bookingid": 263
    },
    {
        "bookingid": 180
    },
    {
        "bookingid": 274
    },
    {
        "bookingid": 73
    },
    {
        "bookingid": 462
    },
    {
        "bookingid": 104
    },
    {
        "bookingid": 360
    },
    {
        "bookingid": 425
    },
    {
        "bookingid": 135
    },
    {
        "bookingid": 193
    },
    {
        "bookingid": 345
    },
    {
        "bookingid": 235
    },
    {
        "bookingid": 207
    },
    {
        "bookingid": 65
    },
    {
        "bookingid": 266
    },
    {
        "bookingid": 11
    },
    {
        "bookingid": 431
    },
    {
        "bookingid": 82
    },
    {
        "bookingid": 35
    },
    {
        "bookingid": 57
    },
    {
        "bookingid": 403
    },
    {
        "bookingid": 85
    },
    {
        "bookingid": 132
    },
    {
        "bookingid": 62
    },
    {
        "bookingid": 416
    },
    {
        "bookingid": 87
    },
    {
        "bookingid": 332
    },
    {
        "bookingid": 278
    },
    {
        "bookingid": 254
    },
    {
        "bookingid": 480
    },
    {
        "bookingid": 427
    },
    {
        "bookingid": 92
    },
    {
        "bookingid": 140
    },
    {
        "bookingid": 26
    },
    {
        "bookingid": 466
    },
    {
        "bookingid": 172
    },
    {
        "bookingid": 408
    },
    {
        "bookingid": 423
    },
    {
        "bookingid": 176
    },
    {
        "bookingid": 246
    },
    {
        "bookingid": 111
    },
    {
        "bookingid": 412
    },
    {
        "bookingid": 386
    },
    {
        "bookingid": 161
    },
    {
        "bookingid": 284
    },
    {
        "bookingid": 382
    },
    {
        "bookingid": 155
    },
    {
        "bookingid": 355
    },
    {
        "bookingid": 184
    },
    {
        "bookingid": 449
    },
    {
        "bookingid": 250
    },
    {
        "bookingid": 273
    },
    {
        "bookingid": 36
    },
    {
        "bookingid": 321
    },
    {
        "bookingid": 402
    },
    {
        "bookingid": 258
    },
    {
        "bookingid": 348
    },
    {
        "bookingid": 158
    },
    {
        "bookingid": 478
    },
    {
        "bookingid": 70
    },
    {
        "bookingid": 143
    },
    {
        "bookingid": 376
    },
    {
        "bookingid": 354
    },
    {
        "bookingid": 179
    },
    {
        "bookingid": 325
    },
    {
        "bookingid": 233
    },
    {
        "bookingid": 5
    },
    {
        "bookingid": 125
    },
    {
        "bookingid": 465
    },
    {
        "bookingid": 90
    },
    {
        "bookingid": 476
    },
    {
        "bookingid": 285
    },
    {
        "bookingid": 379
    },
    {
        "bookingid": 164
    },
    {
        "bookingid": 394
    },
    {
        "bookingid": 358
    },
    {
        "bookingid": 410
    },
    {
        "bookingid": 368
    },
    {
        "bookingid": 108
    },
    {
        "bookingid": 373
    },
    {
        "bookingid": 147
    },
    {
        "bookingid": 399
    },
    {
        "bookingid": 304
    },
    {
        "bookingid": 299
    },
    {
        "bookingid": 186
    },
    {
        "bookingid": 236
    },
    {
        "bookingid": 392
    },
    {
        "bookingid": 344
    },
    {
        "bookingid": 469
    },
    {
        "bookingid": 7
    },
    {
        "bookingid": 253
    },
    {
        "bookingid": 336
    },
    {
        "bookingid": 459
    },
    {
        "bookingid": 261
    },
    {
        "bookingid": 100
    },
    {
        "bookingid": 63
    },
    {
        "bookingid": 365
    },
    {
        "bookingid": 61
    },
    {
        "bookingid": 142
    },
    {
        "bookingid": 247
    },
    {
        "bookingid": 483
    },
    {
        "bookingid": 388
    },
    {
        "bookingid": 138
    },
    {
        "bookingid": 251
    },
    {
        "bookingid": 173
    },
    {
        "bookingid": 419
    },
    {
        "bookingid": 482
    },
    {
        "bookingid": 228
    },
    {
        "bookingid": 151
    },
    {
        "bookingid": 269
    },
    {
        "bookingid": 181
    },
    {
        "bookingid": 484
    },
    {
        "bookingid": 487
    },
    {
        "bookingid": 6
    },
    {
        "bookingid": 428
    },
    {
        "bookingid": 195
    },
    {
        "bookingid": 387
    },
    {
        "bookingid": 437
    },
    {
        "bookingid": 76
    },
    {
        "bookingid": 268
    },
    {
        "bookingid": 463
    },
    {
        "bookingid": 457
    },
    {
        "bookingid": 148
    },
    {
        "bookingid": 381
    },
    {
        "bookingid": 171
    },
    {
        "bookingid": 64
    },
    {
        "bookingid": 237
    },
    {
        "bookingid": 271
    },
    {
        "bookingid": 328
    },
    {
        "bookingid": 296
    },
    {
        "bookingid": 103
    },
    {
        "bookingid": 9
    },
    {
        "bookingid": 210
    },
    {
        "bookingid": 174
    },
    {
        "bookingid": 113
    },
    {
        "bookingid": 293
    },
    {
        "bookingid": 234
    },
    {
        "bookingid": 198
    },
    {
        "bookingid": 30
    },
    {
        "bookingid": 178
    },
    {
        "bookingid": 450
    },
    {
        "bookingid": 378
    },
    {
        "bookingid": 333
    },
    {
        "bookingid": 295
    },
    {
        "bookingid": 364
    },
    {
        "bookingid": 406
    },
    {
        "bookingid": 232
    },
    {
        "bookingid": 201
    },
    {
        "bookingid": 456
    },
    {
        "bookingid": 17
    },
    {
        "bookingid": 390
    },
    {
        "bookingid": 289
    },
    {
        "bookingid": 242
    },
    {
        "bookingid": 78
    },
    {
        "bookingid": 215
    },
    {
        "bookingid": 259
    },
    {
        "bookingid": 324
    },
    {
        "bookingid": 77
    },
    {
        "bookingid": 294
    },
    {
        "bookingid": 244
    },
    {
        "bookingid": 101
    },
    {
        "bookingid": 55
    },
    {
        "bookingid": 206
    },
    {
        "bookingid": 370
    },
    {
        "bookingid": 341
    },
    {
        "bookingid": 22
    },
    {
        "bookingid": 214
    },
    {
        "bookingid": 121
    },
    {
        "bookingid": 281
    },
    {
        "bookingid": 401
    },
    {
        "bookingid": 208
    },
    {
        "bookingid": 343
    },
    {
        "bookingid": 81
    },
    {
        "bookingid": 440
    },
    {
        "bookingid": 216
    },
    {
        "bookingid": 441
    },
    {
        "bookingid": 83
    },
    {
        "bookingid": 292
    },
    {
        "bookingid": 167
    }
]
]]></system-out>
  </testcase>
  <testcase name="checkListBookingIdsFilteringByCheckinCheckoutAndFirstname" classname="br.com.restassuredapitesting.tests.booking.tests.GetBookingTest" time="0.682">
    <system-out><![CDATA[HTTP/1.1 200 OK
Server: Cowboy
Connection: keep-alive
X-Powered-By: Express
Content-Type: application/json; charset=utf-8
Content-Length: 19
Etag: W/"13-sK+6yyd8Vc5DMzWyuBXkoIo17XA"
Date: Sun, 22 May 2022 23:28:53 GMT
Via: 1.1 vegur

[
    {
        "bookingid": 370
    }
]
]]></system-out>
  </testcase>
  <testcase name="healthCheck" classname="br.com.restassuredapitesting.tests.healthcheck.tests.GetHealthcheckTest" time="0.746"/>
  <testcase name="healthCheckWithinThreeSeconds" classname="br.com.restassuredapitesting.tests.healthcheck.tests.GetHealthcheckTest" time="0.731"/>
  <testcase name="checkUserTokenReturn" classname="br.com.restassuredapitesting.tests.auth.tests.PostAuthTest" time="0.732"/>
  <testcase name="checkUpdateBookingWithBasicAuth" classname="br.com.restassuredapitesting.tests.booking.tests.PutBookingTest" time="1.62"/>
  <testcase name="updateBookingWithInvalidToken" classname="br.com.restassuredapitesting.tests.booking.tests.PutBookingTest" time="1.48">
    <system-out><![CDATA[HTTP/1.1 403 Forbidden
Server: Cowboy
Connection: keep-alive
X-Powered-By: Express
Content-Type: text/plain; charset=utf-8
Content-Length: 9
Etag: W/"9-PatfYBLj4Um1qTm5zrukoLhNyPU"
Date: Sun, 22 May 2022 23:28:58 GMT
Via: 1.1 vegur

Forbidden
]]></system-out>
  </testcase>
  <testcase name="updateBookingWithoutToken" classname="br.com.restassuredapitesting.tests.booking.tests.PutBookingTest" time="1.47"/>
  <testcase name="updateNonExistingBooking" classname="br.com.restassuredapitesting.tests.booking.tests.PutBookingTest" time="1.351">
    <system-out><![CDATA[HTTP/1.1 405 Method Not Allowed
Server: Cowboy
Connection: keep-alive
X-Powered-By: Express
Content-Type: text/plain; charset=utf-8
Content-Length: 18
Etag: W/"12-UGJMK66P4abaBlq0vKHJaCKuGCA"
Date: Sun, 22 May 2022 23:29:01 GMT
Via: 1.1 vegur

Method Not Allowed
]]></system-out>
  </testcase>
  <testcase name="checkUpdateBookingWithToken" classname="br.com.restassuredapitesting.tests.booking.tests.PutBookingTest" time="2.196"/>
  <testcase name="createBooking" classname="br.com.restassuredapitesting.tests.booking.tests.PostBookingTest" time="0.756"/>
  <testcase name="createFiveBookingInARow" classname="br.com.restassuredapitesting.tests.booking.tests.PostBookingTest" time="4.348">
    <system-out><![CDATA[HTTP/1.1 200 OK
Server: Cowboy
Connection: keep-alive
X-Powered-By: Express
Content-Type: application/json; charset=utf-8
Content-Length: 199
Etag: W/"c7-2GRxQ8A/Q1JttoMx+DvtkET5EsE"
Date: Sun, 22 May 2022 23:29:05 GMT
Via: 1.1 vegur

{
    "bookingid": 497,
    "booking": {
        "firstname": "Tesha",
        "lastname": "Turner",
        "totalprice": 241,
        "depositpaid": true,
        "bookingdates": {
            "checkin": "2018-01-01",
            "checkout": "2019-01-01"
        },
        "additionalneeds": "Breakfast"
    }
}
HTTP/1.1 200 OK
Server: Cowboy
Connection: keep-alive
X-Powered-By: Express
Content-Type: application/json; charset=utf-8
Content-Length: 199
Etag: W/"c7-3ZzKSenshwJeGKAl6OppfLxCIgE"
Date: Sun, 22 May 2022 23:29:05 GMT
Via: 1.1 vegur

{
    "bookingid": 498,
    "booking": {
        "firstname": "Tesha",
        "lastname": "Turner",
        "totalprice": 241,
        "depositpaid": true,
        "bookingdates": {
            "checkin": "2018-01-01",
            "checkout": "2019-01-01"
        },
        "additionalneeds": "Breakfast"
    }
}
HTTP/1.1 200 OK
Server: Cowboy
Connection: keep-alive
X-Powered-By: Express
Content-Type: application/json; charset=utf-8
Content-Length: 199
Etag: W/"c7-vAH4M/NEbZcBKMZ/KPqcfxf5zuY"
Date: Sun, 22 May 2022 23:29:06 GMT
Via: 1.1 vegur

{
    "bookingid": 499,
    "booking": {
        "firstname": "Tesha",
        "lastname": "Turner",
        "totalprice": 241,
        "depositpaid": true,
        "bookingdates": {
            "checkin": "2018-01-01",
            "checkout": "2019-01-01"
        },
        "additionalneeds": "Breakfast"
    }
}
HTTP/1.1 200 OK
Server: Cowboy
Connection: keep-alive
X-Powered-By: Express
Content-Type: application/json; charset=utf-8
Content-Length: 199
Etag: W/"c7-7J0c/EUDBpCDRacXhF9ktfXCd44"
Date: Sun, 22 May 2022 23:29:07 GMT
Via: 1.1 vegur

{
    "bookingid": 500,
    "booking": {
        "firstname": "Tesha",
        "lastname": "Turner",
        "totalprice": 241,
        "depositpaid": true,
        "bookingdates": {
            "checkin": "2018-01-01",
            "checkout": "2019-01-01"
        },
        "additionalneeds": "Breakfast"
    }
}
HTTP/1.1 200 OK
Server: Cowboy
Connection: keep-alive
X-Powered-By: Express
Content-Type: application/json; charset=utf-8
Content-Length: 199
Etag: W/"c7-4nNBP/65NXluBn9vU0MgPPOC15Q"
Date: Sun, 22 May 2022 23:29:07 GMT
Via: 1.1 vegur

{
    "bookingid": 501,
    "booking": {
        "firstname": "Tesha",
        "lastname": "Turner",
        "totalprice": 241,
        "depositpaid": true,
        "bookingdates": {
            "checkin": "2018-01-01",
            "checkout": "2019-01-01"
        },
        "additionalneeds": "Breakfast"
    }
}
HTTP/1.1 200 OK
Server: Cowboy
Connection: keep-alive
X-Powered-By: Express
Content-Type: application/json; charset=utf-8
Content-Length: 199
Etag: W/"c7-un8DjeIyOA1dn2wmbI6DkhiOH7k"
Date: Sun, 22 May 2022 23:29:08 GMT
Via: 1.1 vegur

{
    "bookingid": 502,
    "booking": {
        "firstname": "Tesha",
        "lastname": "Turner",
        "totalprice": 241,
        "depositpaid": true,
        "bookingdates": {
            "checkin": "2018-01-01",
            "checkout": "2019-01-01"
        },
        "additionalneeds": "Breakfast"
    }
}
]]></system-out>
  </testcase>
  <testcase name="createBookingWithInvalidPayload" classname="br.com.restassuredapitesting.tests.booking.tests.PostBookingTest" time="0.724"/>
  <testcase name="createBookingWithMoreParamsInPayload" classname="br.com.restassuredapitesting.tests.booking.tests.PostBookingTest" time="0.73">
    <system-out><![CDATA[HTTP/1.1 200 OK
Server: Cowboy
Connection: keep-alive
X-Powered-By: Express
Content-Type: application/json; charset=utf-8
Content-Length: 205
Etag: W/"cd-39M8NTjkbHqTZRaV3UrX/6/Gzcs"
Date: Sun, 22 May 2022 23:29:10 GMT
Via: 1.1 vegur

{
    "bookingid": 503,
    "booking": {
        "firstname": "Nonewpar",
        "lastname": "Pravariar",
        "totalprice": 111,
        "depositpaid": true,
        "bookingdates": {
            "checkin": "2018-01-01",
            "checkout": "2019-01-01"
        },
        "additionalneeds": "Breakfast"
    }
}
]]></system-out>
  </testcase>
  <testcase name="deleteBookingWithoutAuth" classname="br.com.restassuredapitesting.tests.booking.tests.DeleteBookingTest" time="1.462"/>
  <testcase name="deleteBooking" classname="br.com.restassuredapitesting.tests.booking.tests.DeleteBookingTest" time="2.179"/>
  <testcase name="deleteNonExistingBooking" classname="br.com.restassuredapitesting.tests.booking.tests.DeleteBookingTest" time="1.448"/>
</testsuite>